<?xml version="1.0" encoding="UTF-8"?>
<testsuite xmlns:xsi="http://www.w3.org/2001/XMLSchema-instance" xsi:noNamespaceSchemaLocation="https://maven.apache.org/surefire/maven-surefire-plugin/xsd/surefire-test-report-3.0.xsd" version="3.0" name="com.tictoc.tictoc.TictocApplicationTests" time="12.594" tests="1" errors="0" skipped="0" failures="0">
  <properties>
[...]
</properties>
  <testcase name="contextLoads" classname="com.tictoc.tictoc.TictocApplicationTests" time="1.091">
    <system-out><![CDATA[15:46:01.439 [main] INFO org.springframework.test.context.support.AnnotationConfigContextLoaderUtils -- Could not detect default configuration classes for test class [com.tictoc.tictoc.TictocApplicationTests]: TictocApplicationTests does not declare any static, non-private, non-final, nested classes annotated with @Configuration.
15:46:01.653 [main] INFO org.springframework.boot.test.context.SpringBootTestContextBootstrapper -- Found @SpringBootConfiguration com.tictoc.TictocApplication for test class com.tictoc.tictoc.TictocApplicationTests

  .   ____          _            __ _ _
 /\\ / ___'_ __ _ _(_)_ __  __ _ \ \ \ \
( ( )\___ | '_ | '_| | '_ \/ _` | \ \ \ \
 \\/  ___)| |_)| | | | | || (_| |  ) ) ) )
  '  |____| .__|_| |_|_| |_\__, | / / / /
 =========|_|==============|___/=/_/_/_/
 :: Spring Boot ::                (v3.1.1)

2023-08-26T15:46:02.732+07:00  INFO 11776 --- [           main] c.tictoc.tictoc.TictocApplicationTests   : Starting TictocApplicationTests using Java 17.0.8 with PID 11776 (started by TDo in D:\thang\git\tictoc-api)
2023-08-26T15:46:02.736+07:00  INFO 11776 --- [           main] c.tictoc.tictoc.TictocApplicationTests   : No active profile set, falling back to 1 default profile: "default"
2023-08-26T15:46:04.766+07:00  INFO 11776 --- [           main] .s.d.r.c.RepositoryConfigurationDelegate : Bootstrapping Spring Data JPA repositories in DEFAULT mode.
2023-08-26T15:46:04.907+07:00  INFO 11776 --- [           main] .s.d.r.c.RepositoryConfigurationDelegate : Finished Spring Data repository scanning in 118 ms. Found 6 JPA repository interfaces.
2023-08-26T15:46:05.929+07:00  INFO 11776 --- [           main] o.hibernate.jpa.internal.util.LogHelper  : HHH000204: Processing PersistenceUnitInfo [name: default]
2023-08-26T15:46:06.093+07:00  INFO 11776 --- [           main] org.hibernate.Version                    : HHH000412: Hibernate ORM core version 6.2.5.Final
2023-08-26T15:46:06.102+07:00  INFO 11776 --- [           main] org.hibernate.cfg.Environment            : HHH000406: Using bytecode reflection optimizer
2023-08-26T15:46:06.563+07:00  INFO 11776 --- [           main] o.h.b.i.BytecodeProviderInitiator        : HHH000021: Bytecode provider name : bytebuddy
2023-08-26T15:46:06.861+07:00  INFO 11776 --- [           main] o.s.o.j.p.SpringPersistenceUnitInfo      : No LoadTimeWeaver setup: ignoring JPA class transformer
2023-08-26T15:46:06.893+07:00  INFO 11776 --- [           main] com.zaxxer.hikari.HikariDataSource       : HikariPool-1 - Starting...
2023-08-26T15:46:07.774+07:00  INFO 11776 --- [           main] com.zaxxer.hikari.pool.HikariPool        : HikariPool-1 - Added connection com.mysql.cj.jdbc.ConnectionImpl@32b112a1
2023-08-26T15:46:07.778+07:00  INFO 11776 --- [           main] com.zaxxer.hikari.HikariDataSource       : HikariPool-1 - Start completed.
2023-08-26T15:46:07.886+07:00  WARN 11776 --- [           main] org.hibernate.dialect.Dialect            : HHH000511: The 5.5.0 version for [org.hibernate.dialect.MySQLDialect] is no longer supported, hence certain features may not work properly. The minimum supported version is 5.7.0. Check the community dialects project for available legacy versions.
2023-08-26T15:46:08.427+07:00  INFO 11776 --- [           main] o.h.b.i.BytecodeProviderInitiator        : HHH000021: Bytecode provider name : bytebuddy
2023-08-26T15:46:09.747+07:00  INFO 11776 --- [           main] o.h.e.t.j.p.i.JtaPlatformInitiator       : HHH000490: Using JtaPlatform implementation: [org.hibernate.engine.transaction.jta.platform.internal.NoJtaPlatform]
2023-08-26T15:46:09.752+07:00  INFO 11776 --- [           main] j.LocalContainerEntityManagerFactoryBean : Initialized JPA EntityManagerFactory for persistence unit 'default'
2023-08-26T15:46:11.125+07:00  WARN 11776 --- [           main] JpaBaseConfiguration$JpaWebConfiguration : spring.jpa.open-in-view is enabled by default. Therefore, database queries may be performed during view rendering. Explicitly configure spring.jpa.open-in-view to disable this warning
2023-08-26T15:46:11.358+07:00  INFO 11776 --- [           main] o.s.b.a.w.s.WelcomePageHandlerMapping    : Adding welcome page template: index
2023-08-26T15:46:11.799+07:00  INFO 11776 --- [           main] o.s.s.web.DefaultSecurityFilterChain     : Will secure any request with [org.springframework.security.web.session.DisableEncodeUrlFilter@6edb093f, org.springframework.security.web.context.request.async.WebAsyncManagerIntegrationFilter@7f5c4ff8, org.springframework.security.web.context.SecurityContextHolderFilter@6b7ebac1, org.springframework.security.web.header.HeaderWriterFilter@2a5c115b, org.springframework.security.web.authentication.logout.LogoutFilter@4accc3de, com.tictoc.auth.jwt.JwtAuthenticationFilter@431923ed, org.springframework.security.web.savedrequest.RequestCacheAwareFilter@1b897ffb, org.springframework.security.web.servletapi.SecurityContextHolderAwareRequestFilter@2eed6331, org.springframework.security.web.authentication.AnonymousAuthenticationFilter@7692c0e9, org.springframework.security.web.session.SessionManagementFilter@5b312863, org.springframework.security.web.access.ExceptionTranslationFilter@67b1c3af, org.springframework.security.web.access.intercept.AuthorizationFilter@773cc551]
2023-08-26T15:46:12.499+07:00  INFO 11776 --- [           main] c.tictoc.tictoc.TictocApplicationTests   : Started TictocApplicationTests in 10.446 seconds (process running for 12.868)
]]></system-out>
  </testcase>
</testsuite>